<?xml version="1.0" encoding="UTF-8"?>
<testsuite xmlns:xsi="http://www.w3.org/2001/XMLSchema-instance" xsi:noNamespaceSchemaLocation="https://maven.apache.org/surefire/maven-surefire-plugin/xsd/surefire-test-report-3.0.xsd" version="3.0" name="com.example.frauddetection.service.FraudDetectionServiceTest" time="1.624" tests="6" errors="0" skipped="0" failures="0">
  <properties>
[...]
</properties>
  <testcase name="whenTransactionAmountExceedsThreshold_thenFlagAsSuspicious" classname="com.example.frauddetection.service.FraudDetectionServiceTest" time="1.497">
    <system-out><![CDATA[15:19:04.519 [main] INFO com.example.frauddetection.service.FraudDetectionService -- Analyzing transaction: com.example.frauddetection.model.Transaction@21a46ff1
15:19:04.524 [main] WARN com.example.frauddetection.service.FraudDetectionService -- High-value transaction detected: com.example.frauddetection.model.Transaction@21a46ff1
]]></system-out>
    <system-err><![CDATA[WARNING: A Java agent has been loaded dynamically (/Users/shaoliang/.m2/repository/net/bytebuddy/byte-buddy-agent/1.14.9/byte-buddy-agent-1.14.9.jar)
WARNING: If a serviceability tool is in use, please run with -XX:+EnableDynamicAgentLoading to hide this warning
WARNING: If a serviceability tool is not in use, please run with -Djdk.instrument.traceUsage for more information
WARNING: Dynamic loading of agents will be disallowed by default in a future release
]]></system-err>
  </testcase>
  <testcase name="whenLocationChange_thenFlagAsSuspicious" classname="com.example.frauddetection.service.FraudDetectionServiceTest" time="0.085">
    <system-out><![CDATA[15:19:04.611 [main] INFO com.example.frauddetection.service.FraudDetectionService -- Analyzing transaction: com.example.frauddetection.model.Transaction@75eaba95
15:19:04.639 [main] WARN com.example.frauddetection.service.FraudDetectionService -- Suspicious location change detected for account: ACC123
]]></system-out>
  </testcase>
  <testcase name="whenMultipleSuspiciousTransactions_thenFlagAsSuspicious" classname="com.example.frauddetection.service.FraudDetectionServiceTest" time="0.003">
    <system-out><![CDATA[15:19:04.643 [main] INFO com.example.frauddetection.service.FraudDetectionService -- Analyzing transaction: com.example.frauddetection.model.Transaction@544e3679
15:19:04.644 [main] WARN com.example.frauddetection.service.FraudDetectionService -- Multiple suspicious transactions detected for account: ACC123
]]></system-out>
  </testcase>
  <testcase name="whenRapidSuccessiveTransactions_thenFlagAsSuspicious" classname="com.example.frauddetection.service.FraudDetectionServiceTest" time="0.004">
    <system-out><![CDATA[15:19:04.647 [main] INFO com.example.frauddetection.service.FraudDetectionService -- Analyzing transaction: com.example.frauddetection.model.Transaction@26da1ba2
15:19:04.648 [main] WARN com.example.frauddetection.service.FraudDetectionService -- Rapid successive transactions detected for account: ACC123
]]></system-out>
  </testcase>
  <testcase name="whenNormalTransaction_thenApprove" classname="com.example.frauddetection.service.FraudDetectionServiceTest" time="0.002">
    <system-out><![CDATA[15:19:04.652 [main] INFO com.example.frauddetection.service.FraudDetectionService -- Analyzing transaction: com.example.frauddetection.model.Transaction@5cff729b
]]></system-out>
  </testcase>
  <testcase name="whenUnusualCurrencyPattern_thenFlagAsSuspicious" classname="com.example.frauddetection.service.FraudDetectionServiceTest" time="0.004">
    <system-out><![CDATA[15:19:04.655 [main] INFO com.example.frauddetection.service.FraudDetectionService -- Analyzing transaction: com.example.frauddetection.model.Transaction@7d37ee0c
15:19:04.656 [main] WARN com.example.frauddetection.service.FraudDetectionService -- Unusual currency pattern detected for account: ACC123
]]></system-out>
  </testcase>
</testsuite>