<?xml version="1.0" encoding="UTF-8"?>
<testsuite xmlns:xsi="http://www.w3.org/2001/XMLSchema-instance" xsi:noNamespaceSchemaLocation="https://maven.apache.org/surefire/maven-surefire-plugin/xsd/surefire-test-report-3.0.xsd" version="3.0" name="com.example.frauddetection.service.TransactionSQSConsumerIntegrationTest" time="35.842" tests="3" errors="0" skipped="0" failures="0">
  <properties>
[...]
</properties>
  <testcase name="whenReceivingValidTransaction_thenProcessAndSave" classname="com.example.frauddetection.service.TransactionSQSConsumerIntegrationTest" time="6.412">
    <system-out><![CDATA[15:19:04.973 [main] INFO org.springframework.test.context.support.AnnotationConfigContextLoaderUtils -- Could not detect default configuration classes for test class [com.example.frauddetection.service.TransactionSQSConsumerIntegrationTest]: TransactionSQSConsumerIntegrationTest does not declare any static, non-private, non-final, nested classes annotated with @Configuration.
15:19:05.181 [main] INFO org.springframework.boot.test.context.SpringBootTestContextBootstrapper -- Found @SpringBootConfiguration com.example.frauddetection.FraudDetectionApplication for test class com.example.frauddetection.service.TransactionSQSConsumerIntegrationTest
15:19:05.386 [main] INFO org.testcontainers.images.PullPolicy -- Image pull policy will be performed by: DefaultPullPolicy()
15:19:05.388 [main] INFO org.testcontainers.utility.ImageNameSubstitutor -- Image name substitution will be performed by: DefaultImageNameSubstitutor (composite of 'ConfigurationFileImageNameSubstitutor' and 'PrefixingImageNameSubstitutor')
15:19:05.811 [main] INFO org.testcontainers.dockerclient.DockerClientProviderStrategy -- Loaded org.testcontainers.dockerclient.UnixSocketClientProviderStrategy from ~/.testcontainers.properties, will try it first
15:19:06.239 [main] INFO org.testcontainers.dockerclient.DockerClientProviderStrategy -- Found Docker environment with local Unix socket (unix:///var/run/docker.sock)
15:19:06.252 [main] INFO org.testcontainers.DockerClientFactory -- Docker host IP address is localhost
15:19:06.286 [main] INFO org.testcontainers.DockerClientFactory -- Connected to docker: 
  Server Version: 20.10.17
  API Version: 1.41
  Operating System: Docker Desktop
  Total Memory: 7851 MB
15:19:06.318 [main] INFO tc.testcontainers/ryuk:0.5.1 -- Creating container for image: testcontainers/ryuk:0.5.1
15:19:06.476 [main] INFO org.testcontainers.utility.RegistryAuthLocator -- Credential helper/store (docker-credential-desktop) does not have credentials for https://index.docker.io/v1/
15:19:06.617 [main] INFO tc.testcontainers/ryuk:0.5.1 -- Container testcontainers/ryuk:0.5.1 is starting: 01e22c3288be19dc7451065c9f80822ebe04bc420d92897cef4385b5060c6545
15:19:07.175 [main] INFO tc.testcontainers/ryuk:0.5.1 -- Container testcontainers/ryuk:0.5.1 started in PT0.856419S
15:19:07.212 [main] INFO org.testcontainers.utility.RyukResourceReaper -- Ryuk started - will monitor and terminate Testcontainers containers on JVM exit
15:19:07.213 [main] INFO org.testcontainers.DockerClientFactory -- Checking the system...
15:19:07.213 [main] INFO org.testcontainers.DockerClientFactory -- ✔︎ Docker server version should be at least 1.6.0
15:19:07.215 [main] INFO tc.localstack/localstack:2.1 -- LOCALSTACK_HOST environment variable set to localhost (to match host-routable address for container)
15:19:07.216 [main] INFO tc.localstack/localstack:2.1 -- Creating container for image: localstack/localstack:2.1
15:19:07.944 [main] INFO tc.localstack/localstack:2.1 -- Container localstack/localstack:2.1 is starting: ff7edb4824c4e87b15e782d67032a7d8c877fa42951706d86ea9abccbf349f2c
15:19:10.251 [main] INFO tc.localstack/localstack:2.1 -- Container localstack/localstack:2.1 started in PT3.035609S
15:19:10,549 |-INFO in ch.qos.logback.core.joran.util.ConfigurationWatchListUtil@3bd466bd - Adding [jar:file:/Users/shaoliang/.m2/repository/org/springframework/boot/spring-boot/3.1.5/spring-boot-3.1.5.jar!/org/springframework/boot/logging/logback/base.xml] to configuration watch list.
15:19:10,549 |-INFO in ch.qos.logback.core.joran.spi.ConfigurationWatchList@1bbf7e81 - URL [jar:file:/Users/shaoliang/.m2/repository/org/springframework/boot/spring-boot/3.1.5/spring-boot-3.1.5.jar!/org/springframework/boot/logging/logback/base.xml] is not of type file
15:19:10,551 |-INFO in ch.qos.logback.core.joran.util.ConfigurationWatchListUtil@3bd466bd - Adding [jar:file:/Users/shaoliang/.m2/repository/org/springframework/boot/spring-boot/3.1.5/spring-boot-3.1.5.jar!/org/springframework/boot/logging/logback/defaults.xml] to configuration watch list.
15:19:10,551 |-INFO in ch.qos.logback.core.joran.spi.ConfigurationWatchList@1bbf7e81 - URL [jar:file:/Users/shaoliang/.m2/repository/org/springframework/boot/spring-boot/3.1.5/spring-boot-3.1.5.jar!/org/springframework/boot/logging/logback/defaults.xml] is not of type file
15:19:10,553 |-INFO in ch.qos.logback.core.joran.action.ConversionRuleAction - registering conversion word clr with class [org.springframework.boot.logging.logback.ColorConverter]
15:19:10,553 |-INFO in ch.qos.logback.core.joran.action.ConversionRuleAction - registering conversion word wex with class [org.springframework.boot.logging.logback.WhitespaceThrowableProxyConverter]
15:19:10,553 |-INFO in ch.qos.logback.core.joran.action.ConversionRuleAction - registering conversion word wEx with class [org.springframework.boot.logging.logback.ExtendedWhitespaceThrowableProxyConverter]
15:19:10,554 |-INFO in ch.qos.logback.core.joran.util.ConfigurationWatchListUtil@3bd466bd - Adding [jar:file:/Users/shaoliang/.m2/repository/org/springframework/boot/spring-boot/3.1.5/spring-boot-3.1.5.jar!/org/springframework/boot/logging/logback/console-appender.xml] to configuration watch list.
15:19:10,554 |-INFO in ch.qos.logback.core.joran.spi.ConfigurationWatchList@1bbf7e81 - URL [jar:file:/Users/shaoliang/.m2/repository/org/springframework/boot/spring-boot/3.1.5/spring-boot-3.1.5.jar!/org/springframework/boot/logging/logback/console-appender.xml] is not of type file
15:19:10,556 |-INFO in ch.qos.logback.core.joran.util.ConfigurationWatchListUtil@3bd466bd - Adding [jar:file:/Users/shaoliang/.m2/repository/org/springframework/boot/spring-boot/3.1.5/spring-boot-3.1.5.jar!/org/springframework/boot/logging/logback/file-appender.xml] to configuration watch list.
15:19:10,556 |-INFO in ch.qos.logback.core.joran.spi.ConfigurationWatchList@1bbf7e81 - URL [jar:file:/Users/shaoliang/.m2/repository/org/springframework/boot/spring-boot/3.1.5/spring-boot-3.1.5.jar!/org/springframework/boot/logging/logback/file-appender.xml] is not of type file
15:19:10,595 |-INFO in ch.qos.logback.core.model.processor.StatusListenerModelHandler - Added status listener of type [ch.qos.logback.core.status.OnConsoleStatusListener]
15:19:10,598 |-INFO in ch.qos.logback.classic.model.processor.LoggerModelHandler - Setting level of logger [org.apache.catalina.startup.DigesterFactory] to ERROR
15:19:10,598 |-INFO in ch.qos.logback.classic.jul.LevelChangePropagator@302fa67a - Propagating ERROR level on Logger[org.apache.catalina.startup.DigesterFactory] onto the JUL framework
15:19:10,598 |-INFO in ch.qos.logback.classic.model.processor.LoggerModelHandler - Setting level of logger [org.apache.catalina.util.LifecycleBase] to ERROR
15:19:10,598 |-INFO in ch.qos.logback.classic.jul.LevelChangePropagator@302fa67a - Propagating ERROR level on Logger[org.apache.catalina.util.LifecycleBase] onto the JUL framework
15:19:10,599 |-INFO in ch.qos.logback.classic.model.processor.LoggerModelHandler - Setting level of logger [org.apache.coyote.http11.Http11NioProtocol] to WARN
15:19:10,599 |-INFO in ch.qos.logback.classic.jul.LevelChangePropagator@302fa67a - Propagating WARN level on Logger[org.apache.coyote.http11.Http11NioProtocol] onto the JUL framework
15:19:10,599 |-INFO in ch.qos.logback.classic.model.processor.LoggerModelHandler - Setting level of logger [org.apache.sshd.common.util.SecurityUtils] to WARN
15:19:10,599 |-INFO in ch.qos.logback.classic.jul.LevelChangePropagator@302fa67a - Propagating WARN level on Logger[org.apache.sshd.common.util.SecurityUtils] onto the JUL framework
15:19:10,599 |-INFO in ch.qos.logback.classic.model.processor.LoggerModelHandler - Setting level of logger [org.apache.tomcat.util.net.NioSelectorPool] to WARN
15:19:10,599 |-INFO in ch.qos.logback.classic.jul.LevelChangePropagator@302fa67a - Propagating WARN level on Logger[org.apache.tomcat.util.net.NioSelectorPool] onto the JUL framework
15:19:10,599 |-INFO in ch.qos.logback.classic.model.processor.LoggerModelHandler - Setting level of logger [org.eclipse.jetty.util.component.AbstractLifeCycle] to ERROR
15:19:10,599 |-INFO in ch.qos.logback.classic.jul.LevelChangePropagator@302fa67a - Propagating ERROR level on Logger[org.eclipse.jetty.util.component.AbstractLifeCycle] onto the JUL framework
15:19:10,599 |-INFO in ch.qos.logback.classic.model.processor.LoggerModelHandler - Setting level of logger [org.hibernate.validator.internal.util.Version] to WARN
15:19:10,599 |-INFO in ch.qos.logback.classic.jul.LevelChangePropagator@302fa67a - Propagating WARN level on Logger[org.hibernate.validator.internal.util.Version] onto the JUL framework
15:19:10,599 |-INFO in ch.qos.logback.classic.model.processor.LoggerModelHandler - Setting level of logger [org.springframework.boot.actuate.endpoint.jmx] to WARN
15:19:10,599 |-INFO in ch.qos.logback.classic.jul.LevelChangePropagator@302fa67a - Propagating WARN level on Logger[org.springframework.boot.actuate.endpoint.jmx] onto the JUL framework
15:19:10,600 |-INFO in ch.qos.logback.core.model.processor.AppenderModelHandler - Processing appender named [CONSOLE]
15:19:10,600 |-INFO in ch.qos.logback.core.model.processor.AppenderModelHandler - About to instantiate appender of type [ch.qos.logback.core.ConsoleAppender]
15:19:10,605 |-INFO in ch.qos.logback.core.model.processor.ImplicitModelHandler - Assuming default type [ch.qos.logback.classic.encoder.PatternLayoutEncoder] for [encoder] property
15:19:10,623 |-INFO in ch.qos.logback.core.model.processor.AppenderModelHandler - Processing appender named [FILE]
15:19:10,623 |-INFO in ch.qos.logback.core.model.processor.AppenderModelHandler - About to instantiate appender of type [ch.qos.logback.core.rolling.RollingFileAppender]
15:19:10,627 |-INFO in ch.qos.logback.core.model.processor.ImplicitModelHandler - Assuming default type [ch.qos.logback.classic.encoder.PatternLayoutEncoder] for [encoder] property
15:19:10,631 |-INFO in c.q.l.core.rolling.SizeAndTimeBasedRollingPolicy@119099227 - setting totalSizeCap to 0 Bytes
15:19:10,635 |-INFO in c.q.l.core.rolling.SizeAndTimeBasedRollingPolicy@119099227 - Archive files will be limited to [10 MB] each.
15:19:10,637 |-INFO in c.q.l.core.rolling.SizeAndTimeBasedRollingPolicy@119099227 - Will use gz compression
15:19:10,638 |-INFO in c.q.l.core.rolling.SizeAndTimeBasedRollingPolicy@119099227 - Will use the pattern /var/folders/4c/m2xlqfxx50j2b_28vh892mtm0000gn/T//spring.log.%d{yyyy-MM-dd}.%i for the active file
15:19:10,640 |-INFO in ch.qos.logback.core.rolling.SizeAndTimeBasedFNATP@30a0a440 - The date pattern is 'yyyy-MM-dd' from file name pattern '/var/folders/4c/m2xlqfxx50j2b_28vh892mtm0000gn/T//spring.log.%d{yyyy-MM-dd}.%i.gz'.
15:19:10,640 |-INFO in ch.qos.logback.core.rolling.SizeAndTimeBasedFNATP@30a0a440 - Roll-over at midnight.
15:19:10,641 |-INFO in ch.qos.logback.core.rolling.SizeAndTimeBasedFNATP@30a0a440 - Setting initial period to 2025-02-16T07:16:37.321Z
15:19:10,644 |-INFO in ch.qos.logback.core.rolling.RollingFileAppender[FILE] - Active log file name: /var/folders/4c/m2xlqfxx50j2b_28vh892mtm0000gn/T//spring.log
15:19:10,644 |-INFO in ch.qos.logback.core.rolling.RollingFileAppender[FILE] - File property is set to [/var/folders/4c/m2xlqfxx50j2b_28vh892mtm0000gn/T//spring.log]
15:19:10,645 |-INFO in ch.qos.logback.classic.model.processor.RootLoggerModelHandler - Setting level of ROOT logger to INFO
15:19:10,645 |-INFO in ch.qos.logback.classic.jul.LevelChangePropagator@302fa67a - Propagating INFO level on Logger[ROOT] onto the JUL framework
15:19:10,645 |-INFO in ch.qos.logback.core.model.processor.AppenderRefModelHandler - Attaching appender named [CONSOLE] to Logger[ROOT]
15:19:10,645 |-INFO in ch.qos.logback.core.model.processor.AppenderRefModelHandler - Attaching appender named [FILE] to Logger[ROOT]
15:19:10,646 |-INFO in ch.qos.logback.core.model.processor.AppenderModelHandler - Processing appender named [CLOUDWATCH]
15:19:10,646 |-INFO in ch.qos.logback.core.model.processor.AppenderModelHandler - About to instantiate appender of type [ca.pjer.logback.AwsLogsAppender]
15:19:10,649 |-INFO in ch.qos.logback.core.model.processor.ImplicitModelHandler - Assuming default type [ch.qos.logback.classic.PatternLayout] for [layout] property
15:19:10,656 |-INFO in ch.qos.logback.classic.model.processor.RootLoggerModelHandler - Setting level of ROOT logger to INFO
15:19:10,656 |-INFO in ch.qos.logback.core.model.processor.AppenderRefModelHandler - Attaching appender named [CLOUDWATCH] to Logger[ROOT]
15:19:10,656 |-INFO in ch.qos.logback.core.model.processor.DefaultProcessor@404d90c5 - End of configuration.
15:19:10,656 |-INFO in org.springframework.boot.logging.logback.SpringBootJoranConfigurator@4bd1541f - Registering current configuration as safe fallback point
15:19:10,667 |-INFO in ch.qos.logback.classic.jul.LevelChangePropagator@302fa67a - Propagating DEBUG level on Logger[com.example.frauddetection] onto the JUL framework
15:19:10,667 |-INFO in ch.qos.logback.classic.jul.LevelChangePropagator@302fa67a - Propagating INFO level on Logger[org.testcontainers] onto the JUL framework
15:19:10,667 |-INFO in ch.qos.logback.classic.jul.LevelChangePropagator@302fa67a - Propagating INFO level on Logger[com.amazonaws] onto the JUL framework

  .   ____          _            __ _ _
 /\\ / ___'_ __ _ _(_)_ __  __ _ \ \ \ \
( ( )\___ | '_ | '_| | '_ \/ _` | \ \ \ \
 \\/  ___)| |_)| | | | | || (_| |  ) ) ) )
  '  |____| .__|_| |_|_| |_\__, | / / / /
 =========|_|==============|___/=/_/_/_/
 :: Spring Boot ::                (v3.1.5)

2025-02-16T15:19:10.753+08:00  INFO 44625 --- [           main] .s.TransactionSQSConsumerIntegrationTest : Starting TransactionSQSConsumerIntegrationTest using Java 21.0.6 with PID 44625 (started by shaoliang in /Users/shaoliang/projs/fraud-detection)
2025-02-16T15:19:10.770+08:00 DEBUG 44625 --- [           main] .s.TransactionSQSConsumerIntegrationTest : Running with Spring Boot v3.1.5, Spring v6.0.13
2025-02-16T15:19:10.774+08:00  INFO 44625 --- [           main] .s.TransactionSQSConsumerIntegrationTest : No active profile set, falling back to 1 default profile: "default"
Creating AWSLogs Client
2025-02-16T15:19:11.910+08:00  INFO 44625 --- [           main] .s.d.r.c.RepositoryConfigurationDelegate : Bootstrapping Spring Data JPA repositories in DEFAULT mode.
2025-02-16T15:19:11.970+08:00  INFO 44625 --- [           main] .s.d.r.c.RepositoryConfigurationDelegate : Finished Spring Data repository scanning in 50 ms. Found 1 JPA repository interfaces.
2025-02-16T15:19:12.927+08:00  INFO 44625 --- [           main] com.zaxxer.hikari.HikariDataSource       : HikariPool-1 - Starting...
2025-02-16T15:19:13.652+08:00  INFO 44625 --- [           main] com.zaxxer.hikari.pool.HikariPool        : HikariPool-1 - Added connection conn0: url=jdbc:h2:mem:a16ba9a5-ace5-44ab-8eed-ead6096339d2 user=SA
2025-02-16T15:19:13.661+08:00  INFO 44625 --- [           main] com.zaxxer.hikari.HikariDataSource       : HikariPool-1 - Start completed.
2025-02-16T15:19:13.767+08:00  INFO 44625 --- [           main] o.hibernate.jpa.internal.util.LogHelper  : HHH000204: Processing PersistenceUnitInfo [name: default]
2025-02-16T15:19:13.872+08:00  INFO 44625 --- [           main] org.hibernate.Version                    : HHH000412: Hibernate ORM core version 6.2.13.Final
2025-02-16T15:19:13.877+08:00  INFO 44625 --- [           main] org.hibernate.cfg.Environment            : HHH000406: Using bytecode reflection optimizer
2025-02-16T15:19:14.126+08:00  INFO 44625 --- [           main] o.s.o.j.p.SpringPersistenceUnitInfo      : No LoadTimeWeaver setup: ignoring JPA class transformer
15:19:14,127 |-WARN in ca.pjer.logback.AwsLogsAppender[CLOUDWATCH] - 7 events lost
2025-02-16T15:19:15.161+08:00  INFO 44625 --- [           main] o.h.e.t.j.p.i.JtaPlatformInitiator       : HHH000489: No JTA platform available (set 'hibernate.transaction.jta.platform' to enable JTA platform integration)
2025-02-16T15:19:15.211+08:00  INFO 44625 --- [           main] j.LocalContainerEntityManagerFactoryBean : Initialized JPA EntityManagerFactory for persistence unit 'default'
2025-02-16T15:19:15.845+08:00  WARN 44625 --- [           main] JpaBaseConfiguration$JpaWebConfiguration : spring.jpa.open-in-view is enabled by default. Therefore, database queries may be performed during view rendering. Explicitly configure spring.jpa.open-in-view to disable this warning
2025-02-16T15:19:16.962+08:00  INFO 44625 --- [           main] o.s.b.a.e.web.EndpointLinksResolver      : Exposing 1 endpoint(s) beneath base path '/actuator'
2025-02-16T15:19:17.485+08:00  INFO 44625 --- [ecycle-thread-1] a.c.s.l.AbstractMessageListenerContainer : Container io.awspring.cloud.sqs.sqsListenerEndpointContainer#0 started
2025-02-16T15:19:17.510+08:00  INFO 44625 --- [           main] .s.TransactionSQSConsumerIntegrationTest : Started TransactionSQSConsumerIntegrationTest in 7.21 seconds (process running for 15.547)
2025-02-16T15:19:23.025+08:00  INFO 44625 --- [  AsyncThread-1] c.e.f.service.TransactionSQSConsumer     : Received transaction from SQS: com.example.frauddetection.model.Transaction@36afe1b7
2025-02-16T15:19:23.026+08:00  INFO 44625 --- [  AsyncThread-1] c.e.f.service.FraudDetectionService      : Analyzing transaction: com.example.frauddetection.model.Transaction@36afe1b7
]]></system-out>
  </testcase>
  <testcase name="whenReceivingSuspiciousTransaction_thenAlertAndSave" classname="com.example.frauddetection.service.TransactionSQSConsumerIntegrationTest" time="6.064">
    <system-out><![CDATA[2025-02-16T15:19:29.077+08:00  INFO 44625 --- [  AsyncThread-2] c.e.f.service.TransactionSQSConsumer     : Received transaction from SQS: com.example.frauddetection.model.Transaction@5b1023fd
2025-02-16T15:19:29.078+08:00  INFO 44625 --- [  AsyncThread-2] c.e.f.service.FraudDetectionService      : Analyzing transaction: com.example.frauddetection.model.Transaction@5b1023fd
2025-02-16T15:19:29.078+08:00  WARN 44625 --- [  AsyncThread-2] c.e.f.service.FraudDetectionService      : High-value transaction detected: com.example.frauddetection.model.Transaction@5b1023fd
2025-02-16T15:19:29.078+08:00  WARN 44625 --- [  AsyncThread-2] c.e.f.service.TransactionSQSConsumer     : Suspicious transaction detected and flagged: com.example.frauddetection.model.Transaction@5b1023fd
]]></system-out>
  </testcase>
  <testcase name="whenReceivingMultipleTransactions_thenProcessAllSuccessfully" classname="com.example.frauddetection.service.TransactionSQSConsumerIntegrationTest" time="10.229">
    <system-out><![CDATA[2025-02-16T15:19:35.154+08:00  INFO 44625 --- [  AsyncThread-3] c.e.f.service.TransactionSQSConsumer     : Received transaction from SQS: com.example.frauddetection.model.Transaction@65f0474d
2025-02-16T15:19:35.155+08:00  INFO 44625 --- [  AsyncThread-3] c.e.f.service.FraudDetectionService      : Analyzing transaction: com.example.frauddetection.model.Transaction@65f0474d
2025-02-16T15:19:36.205+08:00  INFO 44625 --- [  AsyncThread-4] c.e.f.service.TransactionSQSConsumer     : Received transaction from SQS: com.example.frauddetection.model.Transaction@4ae36144
2025-02-16T15:19:36.205+08:00  INFO 44625 --- [  AsyncThread-4] c.e.f.service.FraudDetectionService      : Analyzing transaction: com.example.frauddetection.model.Transaction@4ae36144
2025-02-16T15:19:37.252+08:00  INFO 44625 --- [  AsyncThread-5] c.e.f.service.TransactionSQSConsumer     : Received transaction from SQS: com.example.frauddetection.model.Transaction@5f65da91
2025-02-16T15:19:37.252+08:00  INFO 44625 --- [  AsyncThread-5] c.e.f.service.FraudDetectionService      : Analyzing transaction: com.example.frauddetection.model.Transaction@5f65da91
2025-02-16T15:19:38.287+08:00  INFO 44625 --- [  AsyncThread-6] c.e.f.service.TransactionSQSConsumer     : Received transaction from SQS: com.example.frauddetection.model.Transaction@646290c6
2025-02-16T15:19:38.288+08:00  INFO 44625 --- [  AsyncThread-6] c.e.f.service.FraudDetectionService      : Analyzing transaction: com.example.frauddetection.model.Transaction@646290c6
2025-02-16T15:19:39.319+08:00  INFO 44625 --- [  AsyncThread-7] c.e.f.service.TransactionSQSConsumer     : Received transaction from SQS: com.example.frauddetection.model.Transaction@59b47006
2025-02-16T15:19:39.319+08:00  INFO 44625 --- [  AsyncThread-7] c.e.f.service.FraudDetectionService      : Analyzing transaction: com.example.frauddetection.model.Transaction@59b47006
]]></system-out>
  </testcase>
</testsuite>